Started GET "/" for 127.0.0.1 at 2018-05-05 10:45:40 +0300
Processing by Rails::WelcomeController#index as HTML
  Rendering /home/ks/.rbenv/versions/2.5.0/lib/ruby/gems/2.5.0/gems/railties-5.2.0/lib/rails/templates/rails/welcome/index.html.erb
  Rendered /home/ks/.rbenv/versions/2.5.0/lib/ruby/gems/2.5.0/gems/railties-5.2.0/lib/rails/templates/rails/welcome/index.html.erb (6.5ms)
Completed 200 OK in 34ms (Views: 15.1ms | ActiveRecord: 0.0ms)


Started GET "/" for 127.0.0.1 at 2018-05-05 10:49:32 +0300
Processing by Rails::WelcomeController#index as HTML
  Rendering /home/ks/.rbenv/versions/2.5.0/lib/ruby/gems/2.5.0/gems/railties-5.2.0/lib/rails/templates/rails/welcome/index.html.erb
  Rendered /home/ks/.rbenv/versions/2.5.0/lib/ruby/gems/2.5.0/gems/railties-5.2.0/lib/rails/templates/rails/welcome/index.html.erb (5.0ms)
Completed 200 OK in 11ms (Views: 7.9ms | ActiveRecord: 0.0ms)


Started GET "/" for 127.0.0.1 at 2018-05-05 11:35:55 +0300
Processing by Rails::WelcomeController#index as HTML
  Rendering /home/ks/.rbenv/versions/2.5.0/lib/ruby/gems/2.5.0/gems/railties-5.2.0/lib/rails/templates/rails/welcome/index.html.erb
  Rendered /home/ks/.rbenv/versions/2.5.0/lib/ruby/gems/2.5.0/gems/railties-5.2.0/lib/rails/templates/rails/welcome/index.html.erb (5.7ms)
Completed 200 OK in 11ms (Views: 8.5ms | ActiveRecord: 0.0ms)


  [1m[35m (0.2ms)[0m  [1m[34mSELECT sqlite_version(*)[0m
  ↳ bin/rails:9
  [1m[35m (23.5ms)[0m  [1m[35mCREATE TABLE "schema_migrations" ("version" varchar NOT NULL PRIMARY KEY)[0m
  ↳ bin/rails:9
  [1m[35m (11.2ms)[0m  [1m[35mCREATE TABLE "ar_internal_metadata" ("key" varchar NOT NULL PRIMARY KEY, "value" varchar, "created_at" datetime NOT NULL, "updated_at" datetime NOT NULL)[0m
  ↳ bin/rails:9
  [1m[35m (0.4ms)[0m  [1m[34mSELECT "schema_migrations"."version" FROM "schema_migrations" ORDER BY "schema_migrations"."version" ASC[0m
  ↳ bin/rails:9
Migrating to CreateIdeas (20180505083910)
  [1m[35m (0.2ms)[0m  [1m[36mbegin transaction[0m
  ↳ bin/rails:9
  [1m[35m (0.9ms)[0m  [1m[35mCREATE TABLE "ideas" ("id" integer PRIMARY KEY AUTOINCREMENT NOT NULL, "name" varchar, "description" text, "picture" varchar, "created_at" datetime NOT NULL, "updated_at" datetime NOT NULL)[0m
  ↳ db/migrate/20180505083910_create_ideas.rb:3
  [1m[36mActiveRecord::SchemaMigration Create (0.4ms)[0m  [1m[32mINSERT INTO "schema_migrations" ("version") VALUES (?)[0m  [["version", "20180505083910"]]
  ↳ bin/rails:9
  [1m[35m (14.8ms)[0m  [1m[36mcommit transaction[0m
  ↳ bin/rails:9
  [1m[36mActiveRecord::InternalMetadata Load (0.8ms)[0m  [1m[34mSELECT  "ar_internal_metadata".* FROM "ar_internal_metadata" WHERE "ar_internal_metadata"."key" = ? LIMIT ?[0m  [["key", "environment"], ["LIMIT", 1]]
  ↳ bin/rails:9
  [1m[35m (0.2ms)[0m  [1m[36mbegin transaction[0m
  ↳ bin/rails:9
  [1m[36mActiveRecord::InternalMetadata Create (0.7ms)[0m  [1m[32mINSERT INTO "ar_internal_metadata" ("key", "value", "created_at", "updated_at") VALUES (?, ?, ?, ?)[0m  [["key", "environment"], ["value", "development"], ["created_at", "2018-05-05 08:39:34.406753"], ["updated_at", "2018-05-05 08:39:34.406753"]]
  ↳ bin/rails:9
  [1m[35m (8.4ms)[0m  [1m[36mcommit transaction[0m
  ↳ bin/rails:9
  [1m[35m (0.3ms)[0m  [1m[34mSELECT "schema_migrations"."version" FROM "schema_migrations" ORDER BY "schema_migrations"."version" ASC[0m
  ↳ bin/rails:9
Started GET "/ideas" for 127.0.0.1 at 2018-05-05 11:39:59 +0300
  [1m[35m (0.4ms)[0m  [1m[34mSELECT "schema_migrations"."version" FROM "schema_migrations" ORDER BY "schema_migrations"."version" ASC[0m
  ↳ /home/ks/.rbenv/versions/2.5.0/lib/ruby/gems/2.5.0/gems/activerecord-5.2.0/lib/active_record/log_subscriber.rb:98
Processing by IdeasController#index as HTML
  Rendering ideas/index.html.erb within layouts/application
  [1m[36mIdea Load (0.4ms)[0m  [1m[34mSELECT "ideas".* FROM "ideas"[0m
  ↳ app/views/ideas/index.html.erb:16
  Rendered ideas/index.html.erb within layouts/application (6.7ms)
Completed 200 OK in 2085ms (Views: 2059.1ms | ActiveRecord: 1.1ms)


Started GET "/ideas" for 127.0.0.1 at 2018-05-05 11:50:18 +0300
Processing by IdeasController#index as HTML
  Rendering ideas/index.html.erb within layouts/application
  [1m[36mIdea Load (0.4ms)[0m  [1m[34mSELECT "ideas".* FROM "ideas"[0m
  ↳ app/views/ideas/index.html.erb:16
  Rendered ideas/index.html.erb within layouts/application (3.1ms)
Completed 200 OK in 48ms (Views: 45.0ms | ActiveRecord: 0.4ms)


Started GET "/ideas" for 127.0.0.1 at 2018-05-05 11:51:45 +0300
Processing by IdeasController#index as HTML
  Rendering ideas/index.html.erb within layouts/application
  [1m[36mIdea Load (0.4ms)[0m  [1m[34mSELECT "ideas".* FROM "ideas"[0m
  ↳ app/views/ideas/index.html.erb:16
  Rendered ideas/index.html.erb within layouts/application (3.8ms)
Completed 200 OK in 49ms (Views: 45.8ms | ActiveRecord: 0.4ms)


Started GET "/" for 127.0.0.1 at 2018-05-05 11:51:52 +0300
Processing by Rails::WelcomeController#index as HTML
  Rendering /home/ks/.rbenv/versions/2.5.0/lib/ruby/gems/2.5.0/gems/railties-5.2.0/lib/rails/templates/rails/welcome/index.html.erb
  Rendered /home/ks/.rbenv/versions/2.5.0/lib/ruby/gems/2.5.0/gems/railties-5.2.0/lib/rails/templates/rails/welcome/index.html.erb (4.1ms)
Completed 200 OK in 10ms (Views: 7.0ms | ActiveRecord: 0.0ms)


Started GET "/" for 127.0.0.1 at 2018-05-05 11:51:52 +0300
Processing by Rails::WelcomeController#index as HTML
  Rendering /home/ks/.rbenv/versions/2.5.0/lib/ruby/gems/2.5.0/gems/railties-5.2.0/lib/rails/templates/rails/welcome/index.html.erb
  Rendered /home/ks/.rbenv/versions/2.5.0/lib/ruby/gems/2.5.0/gems/railties-5.2.0/lib/rails/templates/rails/welcome/index.html.erb (4.4ms)
Completed 200 OK in 11ms (Views: 7.2ms | ActiveRecord: 0.0ms)


Started GET "/" for 127.0.0.1 at 2018-05-05 11:52:27 +0300
Processing by Rails::WelcomeController#index as HTML
  Rendering /home/ks/.rbenv/versions/2.5.0/lib/ruby/gems/2.5.0/gems/railties-5.2.0/lib/rails/templates/rails/welcome/index.html.erb
  Rendered /home/ks/.rbenv/versions/2.5.0/lib/ruby/gems/2.5.0/gems/railties-5.2.0/lib/rails/templates/rails/welcome/index.html.erb (4.7ms)
Completed 200 OK in 11ms (Views: 8.2ms | ActiveRecord: 0.0ms)


Started GET "/ideas" for 127.0.0.1 at 2018-05-05 11:52:41 +0300
Processing by IdeasController#index as HTML
  Rendering ideas/index.html.erb within layouts/application
  [1m[36mIdea Load (0.4ms)[0m  [1m[34mSELECT "ideas".* FROM "ideas"[0m
  ↳ app/views/ideas/index.html.erb:16
  Rendered ideas/index.html.erb within layouts/application (3.1ms)
Completed 200 OK in 43ms (Views: 41.1ms | ActiveRecord: 0.4ms)


Started GET "/ideas" for 127.0.0.1 at 2018-05-05 11:53:07 +0300
Processing by IdeasController#index as HTML
  Rendering ideas/index.html.erb within layouts/application
  [1m[36mIdea Load (0.5ms)[0m  [1m[34mSELECT "ideas".* FROM "ideas"[0m
  ↳ app/views/ideas/index.html.erb:16
  Rendered ideas/index.html.erb within layouts/application (3.9ms)
Completed 200 OK in 48ms (Views: 45.8ms | ActiveRecord: 0.5ms)


Started GET "/ideas" for 127.0.0.1 at 2018-05-05 11:54:48 +0300
Processing by IdeasController#index as HTML
  Rendering ideas/index.html.erb within layouts/application
  [1m[36mIdea Load (0.4ms)[0m  [1m[34mSELECT "ideas".* FROM "ideas"[0m
  ↳ app/views/ideas/index.html.erb:16
  Rendered ideas/index.html.erb within layouts/application (3.7ms)
Completed 200 OK in 80ms (Views: 76.9ms | ActiveRecord: 0.4ms)


Started GET "/ideas" for 127.0.0.1 at 2018-05-05 11:55:30 +0300
Processing by IdeasController#index as HTML
  Rendering ideas/index.html.erb within layouts/application
  [1m[36mIdea Load (0.4ms)[0m  [1m[34mSELECT "ideas".* FROM "ideas"[0m
  ↳ app/views/ideas/index.html.erb:16
  Rendered ideas/index.html.erb within layouts/application (3.7ms)
Completed 200 OK in 49ms (Views: 46.5ms | ActiveRecord: 0.4ms)


Started GET "/ideas" for 127.0.0.1 at 2018-05-05 11:56:59 +0300
Processing by IdeasController#index as HTML
  Rendering ideas/index.html.erb within layouts/application
  [1m[36mIdea Load (0.5ms)[0m  [1m[34mSELECT "ideas".* FROM "ideas"[0m
  ↳ app/views/ideas/index.html.erb:16
  Rendered ideas/index.html.erb within layouts/application (5.5ms)
Completed 200 OK in 51ms (Views: 47.9ms | ActiveRecord: 0.5ms)


Started GET "/ideas" for 127.0.0.1 at 2018-05-05 11:57:46 +0300
Processing by IdeasController#index as HTML
  Rendering ideas/index.html.erb within layouts/application
  [1m[36mIdea Load (0.4ms)[0m  [1m[34mSELECT "ideas".* FROM "ideas"[0m
  ↳ app/views/ideas/index.html.erb:16
  Rendered ideas/index.html.erb within layouts/application (4.3ms)
Completed 200 OK in 61ms (Views: 57.7ms | ActiveRecord: 0.4ms)


Started GET "/ideas" for 127.0.0.1 at 2018-05-05 11:57:55 +0300
Processing by IdeasController#index as HTML
  Rendering ideas/index.html.erb within layouts/application
  [1m[36mIdea Load (0.5ms)[0m  [1m[34mSELECT "ideas".* FROM "ideas"[0m
  ↳ app/views/ideas/index.html.erb:16
  Rendered ideas/index.html.erb within layouts/application (4.8ms)
Completed 200 OK in 67ms (Views: 63.7ms | ActiveRecord: 0.5ms)


Started GET "/ideas" for 127.0.0.1 at 2018-05-05 11:58:57 +0300
Processing by IdeasController#index as HTML
  Rendering ideas/index.html.erb within layouts/application
  [1m[36mIdea Load (0.4ms)[0m  [1m[34mSELECT "ideas".* FROM "ideas"[0m
  ↳ app/views/ideas/index.html.erb:16
  Rendered ideas/index.html.erb within layouts/application (4.4ms)
Completed 200 OK in 62ms (Views: 59.3ms | ActiveRecord: 0.4ms)


Started GET "/ideas/new" for 127.0.0.1 at 2018-05-05 11:59:27 +0300
Processing by IdeasController#new as HTML
  Rendering ideas/new.html.erb within layouts/application
  Rendered ideas/_form.html.erb (87.2ms)
  Rendered ideas/new.html.erb within layouts/application (90.4ms)
Completed 200 OK in 187ms (Views: 162.8ms | ActiveRecord: 2.3ms)


Started GET "/ideas" for 127.0.0.1 at 2018-05-05 12:01:33 +0300
Processing by IdeasController#index as HTML
  Rendering ideas/index.html.erb within layouts/application
  [1m[36mIdea Load (0.4ms)[0m  [1m[34mSELECT "ideas".* FROM "ideas"[0m
  ↳ app/views/ideas/index.html.erb:16
  Rendered ideas/index.html.erb within layouts/application (3.1ms)
Completed 200 OK in 53ms (Views: 51.2ms | ActiveRecord: 0.4ms)


Started GET "/ideas" for 127.0.0.1 at 2018-05-05 12:04:04 +0300
Processing by IdeasController#index as HTML
  Rendering ideas/index.html.erb within layouts/application
  [1m[36mIdea Load (0.4ms)[0m  [1m[34mSELECT "ideas".* FROM "ideas"[0m
  ↳ app/views/ideas/index.html.erb:16
  Rendered ideas/index.html.erb within layouts/application (3.4ms)
Completed 200 OK in 59ms (Views: 56.7ms | ActiveRecord: 0.4ms)


Started GET "/ideas" for 127.0.0.1 at 2018-05-05 12:04:23 +0300
Processing by IdeasController#index as HTML
  Rendering ideas/index.html.erb within layouts/application
  [1m[36mIdea Load (0.4ms)[0m  [1m[34mSELECT "ideas".* FROM "ideas"[0m
  ↳ app/views/ideas/index.html.erb:16
  Rendered ideas/index.html.erb within layouts/application (4.1ms)
Completed 200 OK in 49ms (Views: 46.9ms | ActiveRecord: 0.4ms)


Started GET "/ideas" for 127.0.0.1 at 2018-05-05 12:06:37 +0300
Processing by IdeasController#index as HTML
  Rendering ideas/index.html.erb within layouts/application
  [1m[36mIdea Load (0.4ms)[0m  [1m[34mSELECT "ideas".* FROM "ideas"[0m
  ↳ app/views/ideas/index.html.erb:16
  Rendered ideas/index.html.erb within layouts/application (3.6ms)
Completed 200 OK in 56ms (Views: 53.0ms | ActiveRecord: 0.4ms)


Started GET "/ideas" for 127.0.0.1 at 2018-05-05 12:16:35 +0300
  [1m[35m (0.5ms)[0m  [1m[34mSELECT "schema_migrations"."version" FROM "schema_migrations" ORDER BY "schema_migrations"."version" ASC[0m
  ↳ /home/ks/.rbenv/versions/2.5.0/lib/ruby/gems/2.5.0/gems/activerecord-5.2.0/lib/active_record/log_subscriber.rb:98
Processing by IdeasController#index as HTML
  Rendering ideas/index.html.erb within layouts/application
  [1m[36mIdea Load (0.5ms)[0m  [1m[34mSELECT "ideas".* FROM "ideas"[0m
  ↳ app/views/ideas/index.html.erb:16
  Rendered ideas/index.html.erb within layouts/application (7.5ms)
Completed 200 OK in 566ms (Views: 506.4ms | ActiveRecord: 1.2ms)


Started GET "/ideas/new" for 127.0.0.1 at 2018-05-05 12:16:40 +0300
Processing by IdeasController#new as HTML
  Rendering ideas/new.html.erb within layouts/application
  Rendered ideas/_form.html.erb (17.9ms)
  Rendered ideas/new.html.erb within layouts/application (20.8ms)
Completed 200 OK in 81ms (Views: 61.0ms | ActiveRecord: 1.6ms)


Started GET "/ideas/new" for 127.0.0.1 at 2018-05-05 12:16:56 +0300
Processing by IdeasController#new as HTML
  Rendering ideas/new.html.erb within layouts/application
  Rendered ideas/_form.html.erb (6.0ms)
  Rendered ideas/new.html.erb within layouts/application (8.7ms)
Completed 200 OK in 51ms (Views: 48.6ms | ActiveRecord: 0.0ms)


Started GET "/ideas/new" for 127.0.0.1 at 2018-05-05 12:17:11 +0300
Processing by IdeasController#new as HTML
  Rendering ideas/new.html.erb within layouts/application
  Rendered ideas/_form.html.erb (6.5ms)
  Rendered ideas/new.html.erb within layouts/application (9.0ms)
Completed 200 OK in 104ms (Views: 102.0ms | ActiveRecord: 0.0ms)


Started GET "/ideas/new" for 127.0.0.1 at 2018-05-05 12:19:55 +0300
Processing by IdeasController#new as HTML
  Rendering ideas/new.html.erb within layouts/application
  Rendered ideas/_form.html.erb (6.6ms)
  Rendered ideas/new.html.erb within layouts/application (8.9ms)
Completed 200 OK in 64ms (Views: 61.3ms | ActiveRecord: 0.0ms)


Started GET "/ideas/new" for 127.0.0.1 at 2018-05-05 12:20:52 +0300
Processing by IdeasController#new as HTML
  Rendering ideas/new.html.erb within layouts/application
  Rendered ideas/_form.html.erb (6.9ms)
  Rendered ideas/new.html.erb within layouts/application (9.3ms)
Completed 200 OK in 60ms (Views: 57.7ms | ActiveRecord: 0.0ms)


Started POST "/ideas" for 127.0.0.1 at 2018-05-05 12:21:47 +0300
Processing by IdeasController#create as HTML
  Parameters: {"utf8"=>"✓", "authenticity_token"=>"mj/jJAGOuZbOcj6nF9F68kanrY3d/Lss4/tmO1Y4zj376OmD+XN0nNp44+TJMVXERJ3SQy3ftJrCpKwzBUf4Yw==", "idea"=>{"name"=>"new_idea", "description"=>"", "picture"=>#<ActionDispatch::Http::UploadedFile:0x00007efbd4366650 @tempfile=#<Tempfile:/tmp/RackMultipart20180505-4959-7m66cp.png>, @original_filename="optiki_Screenshot from 2018-03-06 15-35-10.png", @content_type="image/png", @headers="Content-Disposition: form-data; name=\"idea[picture]\"; filename=\"optiki_Screenshot from 2018-03-06 15-35-10.png\"\r\nContent-Type: image/png\r\n">}, "commit"=>"Create Idea"}
  [1m[35m (0.2ms)[0m  [1m[36mbegin transaction[0m
  ↳ app/controllers/ideas_controller.rb:30
  [1m[36mIdea Create (2.8ms)[0m  [1m[32mINSERT INTO "ideas" ("name", "description", "picture", "created_at", "updated_at") VALUES (?, ?, ?, ?, ?)[0m  [["name", "new_idea"], ["description", ""], ["picture", "optiki_Screenshot_from_2018-03-06_15-35-10.png"], ["created_at", "2018-05-05 09:21:47.306095"], ["updated_at", "2018-05-05 09:21:47.306095"]]
  ↳ app/controllers/ideas_controller.rb:30
  [1m[35m (29.6ms)[0m  [1m[36mcommit transaction[0m
  ↳ app/controllers/ideas_controller.rb:30
Redirected to http://localhost:3000/ideas/1
Completed 302 Found in 58ms (ActiveRecord: 32.6ms)


Started GET "/ideas/1" for 127.0.0.1 at 2018-05-05 12:21:47 +0300
Processing by IdeasController#show as HTML
  Parameters: {"id"=>"1"}
  [1m[36mIdea Load (0.5ms)[0m  [1m[34mSELECT  "ideas".* FROM "ideas" WHERE "ideas"."id" = ? LIMIT ?[0m  [["id", 1], ["LIMIT", 1]]
  ↳ app/controllers/ideas_controller.rb:67
  Rendering ideas/show.html.erb within layouts/application
  Rendered ideas/show.html.erb within layouts/application (2.7ms)
Completed 200 OK in 53ms (Views: 45.6ms | ActiveRecord: 0.5ms)


Started GET "/ideas/1" for 127.0.0.1 at 2018-05-05 12:21:54 +0300
Processing by IdeasController#show as HTML
  Parameters: {"id"=>"1"}
  [1m[36mIdea Load (0.3ms)[0m  [1m[34mSELECT  "ideas".* FROM "ideas" WHERE "ideas"."id" = ? LIMIT ?[0m  [["id", 1], ["LIMIT", 1]]
  ↳ app/controllers/ideas_controller.rb:67
  Rendering ideas/show.html.erb within layouts/application
  Rendered ideas/show.html.erb within layouts/application (2.2ms)
Completed 200 OK in 43ms (Views: 39.2ms | ActiveRecord: 0.3ms)


Started POST "/ideas" for 127.0.0.1 at 2018-05-05 12:22:43 +0300
Processing by IdeasController#create as HTML
  Parameters: {"utf8"=>"✓", "authenticity_token"=>"mj/jJAGOuZbOcj6nF9F68kanrY3d/Lss4/tmO1Y4zj376OmD+XN0nNp44+TJMVXERJ3SQy3ftJrCpKwzBUf4Yw==", "idea"=>{"name"=>"idea", "description"=>"", "picture"=>#<ActionDispatch::Http::UploadedFile:0x00007efbd43666a0 @tempfile=#<Tempfile:/tmp/RackMultipart20180505-4959-i1bzej.png>, @original_filename="optiki_Screenshot from 2018-03-06 15-35-10.png", @content_type="image/png", @headers="Content-Disposition: form-data; name=\"idea[picture]\"; filename=\"optiki_Screenshot from 2018-03-06 15-35-10.png\"\r\nContent-Type: image/png\r\n">}, "commit"=>"Create Idea"}
  [1m[35m (0.1ms)[0m  [1m[36mbegin transaction[0m
  ↳ app/controllers/ideas_controller.rb:30
  [1m[36mIdea Create (1.4ms)[0m  [1m[32mINSERT INTO "ideas" ("name", "description", "picture", "created_at", "updated_at") VALUES (?, ?, ?, ?, ?)[0m  [["name", "idea"], ["description", ""], ["picture", "optiki_Screenshot_from_2018-03-06_15-35-10.png"], ["created_at", "2018-05-05 09:22:43.632231"], ["updated_at", "2018-05-05 09:22:43.632231"]]
  ↳ app/controllers/ideas_controller.rb:30
  [1m[35m (36.1ms)[0m  [1m[36mcommit transaction[0m
  ↳ app/controllers/ideas_controller.rb:30
Redirected to http://localhost:3000/ideas/2
Completed 302 Found in 53ms (ActiveRecord: 37.7ms)


Started GET "/ideas/2" for 127.0.0.1 at 2018-05-05 12:22:43 +0300
Processing by IdeasController#show as HTML
  Parameters: {"id"=>"2"}
  [1m[36mIdea Load (0.5ms)[0m  [1m[34mSELECT  "ideas".* FROM "ideas" WHERE "ideas"."id" = ? LIMIT ?[0m  [["id", 2], ["LIMIT", 1]]
  ↳ app/controllers/ideas_controller.rb:67
  Rendering ideas/show.html.erb within layouts/application
  Rendered ideas/show.html.erb within layouts/application (2.2ms)
Completed 200 OK in 43ms (Views: 38.7ms | ActiveRecord: 0.5ms)


Started GET "/ideas/1" for 127.0.0.1 at 2018-05-05 12:22:54 +0300
Processing by IdeasController#show as HTML
  Parameters: {"id"=>"1"}
  [1m[36mIdea Load (0.3ms)[0m  [1m[34mSELECT  "ideas".* FROM "ideas" WHERE "ideas"."id" = ? LIMIT ?[0m  [["id", 1], ["LIMIT", 1]]
  ↳ app/controllers/ideas_controller.rb:67
  Rendering ideas/show.html.erb within layouts/application
  Rendered ideas/show.html.erb within layouts/application (2.5ms)
Completed 200 OK in 46ms (Views: 42.0ms | ActiveRecord: 0.3ms)


Started GET "/ideas/2" for 127.0.0.1 at 2018-05-05 12:23:00 +0300
Processing by IdeasController#show as HTML
  Parameters: {"id"=>"2"}
  [1m[36mIdea Load (0.3ms)[0m  [1m[34mSELECT  "ideas".* FROM "ideas" WHERE "ideas"."id" = ? LIMIT ?[0m  [["id", 2], ["LIMIT", 1]]
  ↳ app/controllers/ideas_controller.rb:67
  Rendering ideas/show.html.erb within layouts/application
  Rendered ideas/show.html.erb within layouts/application (2.6ms)
Completed 200 OK in 47ms (Views: 43.3ms | ActiveRecord: 0.3ms)


Started GET "/" for 127.0.0.1 at 2018-05-05 12:23:45 +0300
Processing by Rails::WelcomeController#index as HTML
  Rendering /home/ks/.rbenv/versions/2.5.0/lib/ruby/gems/2.5.0/gems/railties-5.2.0/lib/rails/templates/rails/welcome/index.html.erb
  Rendered /home/ks/.rbenv/versions/2.5.0/lib/ruby/gems/2.5.0/gems/railties-5.2.0/lib/rails/templates/rails/welcome/index.html.erb (3.6ms)
Completed 200 OK in 10ms (Views: 6.7ms | ActiveRecord: 0.0ms)


Started GET "/" for 127.0.0.1 at 2018-05-05 12:24:50 +0300
Started GET "/ideas" for 127.0.0.1 at 2018-05-05 12:24:50 +0300
Processing by IdeasController#index as HTML
  Rendering ideas/index.html.erb within layouts/application
  [1m[36mIdea Load (0.5ms)[0m  [1m[34mSELECT "ideas".* FROM "ideas"[0m
  ↳ app/views/ideas/index.html.erb:16
  Rendered ideas/index.html.erb within layouts/application (28.0ms)
Completed 200 OK in 75ms (Views: 62.6ms | ActiveRecord: 2.8ms)


Started DELETE "/ideas/2" for 127.0.0.1 at 2018-05-05 12:25:02 +0300
Processing by IdeasController#destroy as HTML
  Parameters: {"authenticity_token"=>"KlGV5BrJC7gcef95sJGkQZZOHwwiiOEC6j7I+j+vsQdLhp9D4jTGsghzIjpucYt3lHRgwtKr7rTLYQLybNCHWQ==", "id"=>"2"}
  [1m[36mIdea Load (0.6ms)[0m  [1m[34mSELECT  "ideas".* FROM "ideas" WHERE "ideas"."id" = ? LIMIT ?[0m  [["id", 2], ["LIMIT", 1]]
  ↳ app/controllers/ideas_controller.rb:67
  [1m[35m (0.1ms)[0m  [1m[36mbegin transaction[0m
  ↳ app/controllers/ideas_controller.rb:57
  [1m[36mIdea Destroy (1.7ms)[0m  [1m[31mDELETE FROM "ideas" WHERE "ideas"."id" = ?[0m  [["id", 2]]
  ↳ app/controllers/ideas_controller.rb:57
  [1m[35m (15.3ms)[0m  [1m[36mcommit transaction[0m
  ↳ app/controllers/ideas_controller.rb:57
Redirected to http://localhost:3000/ideas
Completed 302 Found in 29ms (ActiveRecord: 17.7ms)


Started GET "/ideas" for 127.0.0.1 at 2018-05-05 12:25:02 +0300
Processing by IdeasController#index as HTML
  Rendering ideas/index.html.erb within layouts/application
  [1m[36mIdea Load (0.5ms)[0m  [1m[34mSELECT "ideas".* FROM "ideas"[0m
  ↳ app/views/ideas/index.html.erb:16
  Rendered ideas/index.html.erb within layouts/application (4.8ms)
Completed 200 OK in 47ms (Views: 44.0ms | ActiveRecord: 0.5ms)


Started GET "/" for 127.0.0.1 at 2018-05-05 12:27:17 +0300
  [1m[35m (0.4ms)[0m  [1m[34mSELECT "schema_migrations"."version" FROM "schema_migrations" ORDER BY "schema_migrations"."version" ASC[0m
  ↳ /home/ks/.rbenv/versions/2.5.0/lib/ruby/gems/2.5.0/gems/activerecord-5.2.0/lib/active_record/log_subscriber.rb:98
Started GET "/ideas" for 127.0.0.1 at 2018-05-05 12:27:17 +0300
Processing by IdeasController#index as HTML
  Rendering ideas/index.html.erb within layouts/application
  [1m[36mIdea Load (0.4ms)[0m  [1m[34mSELECT "ideas".* FROM "ideas"[0m
  ↳ app/views/ideas/index.html.erb:16
  Rendered ideas/index.html.erb within layouts/application (27.0ms)
Completed 200 OK in 608ms (Views: 580.7ms | ActiveRecord: 2.5ms)


Started GET "/pages/info" for 127.0.0.1 at 2018-05-05 12:27:24 +0300
Processing by PagesController#info as HTML
  Rendering pages/info.html.erb within layouts/application
  Rendered pages/info.html.erb within layouts/application (0.8ms)
Completed 200 OK in 45ms (Views: 42.6ms | ActiveRecord: 0.0ms)


Started GET "/pages/info" for 127.0.0.1 at 2018-05-05 12:28:32 +0300
Processing by PagesController#info as HTML
  Rendering pages/info.html.erb within layouts/application
  Rendered pages/info.html.erb within layouts/application (0.8ms)
Completed 200 OK in 50ms (Views: 47.7ms | ActiveRecord: 0.0ms)


Started GET "/pages/info" for 127.0.0.1 at 2018-05-05 12:28:47 +0300
Processing by PagesController#info as HTML
  Rendering pages/info.html.erb within layouts/application
  Rendered pages/info.html.erb within layouts/application (1.0ms)
Completed 200 OK in 105ms (Views: 102.8ms | ActiveRecord: 0.0ms)


Started GET "/ideas" for 127.0.0.1 at 2018-05-05 12:29:25 +0300
Processing by IdeasController#index as HTML
  Rendering ideas/index.html.erb within layouts/application
  [1m[36mIdea Load (2.7ms)[0m  [1m[34mSELECT "ideas".* FROM "ideas"[0m
  ↳ app/views/ideas/index.html.erb:16
  Rendered ideas/index.html.erb within layouts/application (12.8ms)
Completed 200 OK in 62ms (Views: 57.0ms | ActiveRecord: 2.7ms)


Started GET "/pages/info" for 127.0.0.1 at 2018-05-05 12:29:31 +0300
Processing by PagesController#info as HTML
  Rendering pages/info.html.erb within layouts/application
  Rendered pages/info.html.erb within layouts/application (0.8ms)
Completed 200 OK in 67ms (Views: 64.7ms | ActiveRecord: 0.0ms)


  [1m[35m (0.4ms)[0m  [1m[34mSELECT "schema_migrations"."version" FROM "schema_migrations" ORDER BY "schema_migrations"."version" ASC[0m
  ↳ bin/rails:9
Migrating to CreateComments (20180505100210)
  [1m[35m (0.2ms)[0m  [1m[36mbegin transaction[0m
  ↳ bin/rails:9
  [1m[35m (0.2ms)[0m  [1m[34mSELECT sqlite_version(*)[0m
  ↳ db/migrate/20180505100210_create_comments.rb:3
  [1m[35m (0.6ms)[0m  [1m[35mCREATE TABLE "comments" ("id" integer PRIMARY KEY AUTOINCREMENT NOT NULL, "user_name" varchar, "body" text, "idea_id" integer, "created_at" datetime NOT NULL, "updated_at" datetime NOT NULL)[0m
  ↳ db/migrate/20180505100210_create_comments.rb:3
  [1m[36mActiveRecord::SchemaMigration Create (0.4ms)[0m  [1m[32mINSERT INTO "schema_migrations" ("version") VALUES (?)[0m  [["version", "20180505100210"]]
  ↳ bin/rails:9
  [1m[35m (22.6ms)[0m  [1m[36mcommit transaction[0m
  ↳ bin/rails:9
  [1m[36mActiveRecord::InternalMetadata Load (0.6ms)[0m  [1m[34mSELECT  "ar_internal_metadata".* FROM "ar_internal_metadata" WHERE "ar_internal_metadata"."key" = ? LIMIT ?[0m  [["key", "environment"], ["LIMIT", 1]]
  ↳ bin/rails:9
  [1m[35m (0.1ms)[0m  [1m[36mbegin transaction[0m
  ↳ bin/rails:9
  [1m[35m (0.1ms)[0m  [1m[36mcommit transaction[0m
  ↳ bin/rails:9
  [1m[35m (0.2ms)[0m  [1m[34mSELECT "schema_migrations"."version" FROM "schema_migrations" ORDER BY "schema_migrations"."version" ASC[0m
  ↳ bin/rails:9
Started GET "/pages/info" for 127.0.0.1 at 2018-05-05 13:05:31 +0300
  [1m[35m (0.5ms)[0m  [1m[34mSELECT "schema_migrations"."version" FROM "schema_migrations" ORDER BY "schema_migrations"."version" ASC[0m
  ↳ /home/ks/.rbenv/versions/2.5.0/lib/ruby/gems/2.5.0/gems/activerecord-5.2.0/lib/active_record/log_subscriber.rb:98
Processing by PagesController#info as HTML
  Rendering pages/info.html.erb within layouts/application
  Rendered pages/info.html.erb within layouts/application (1.3ms)
Completed 200 OK in 702ms (Views: 682.4ms | ActiveRecord: 0.0ms)


Started GET "/ideas" for 127.0.0.1 at 2018-05-05 13:05:39 +0300
Processing by IdeasController#index as HTML
  Rendering ideas/index.html.erb within layouts/application
  [1m[36mIdea Load (0.5ms)[0m  [1m[34mSELECT "ideas".* FROM "ideas"[0m
  ↳ app/views/ideas/index.html.erb:16
  Rendered ideas/index.html.erb within layouts/application (25.2ms)
Completed 200 OK in 90ms (Views: 68.0ms | ActiveRecord: 2.3ms)


Started GET "/ideas/1" for 127.0.0.1 at 2018-05-05 13:05:44 +0300
Processing by IdeasController#show as HTML
  Parameters: {"id"=>"1"}
  [1m[36mIdea Load (0.7ms)[0m  [1m[34mSELECT  "ideas".* FROM "ideas" WHERE "ideas"."id" = ? LIMIT ?[0m  [["id", 1], ["LIMIT", 1]]
  ↳ app/controllers/ideas_controller.rb:67
  Rendering ideas/show.html.erb within layouts/application
  Rendered ideas/show.html.erb within layouts/application (14.5ms)
Completed 500 Internal Server Error in 30ms (ActiveRecord: 0.7ms)


  
ActionView::Template::Error (undefined method `each' for nil:NilClass):
    14:   <strong>Picture:</strong>
    15:   <%= image_tag(@idea.picture_url, width: 1000) if @idea.picture.present? %>
    16:   <h3>Comments</h3>
    17: <% @comments.each do |comment| %>
    18:   <div>
    19:     <strong><%= comment.user_name %></strong>
    20:     <br>
  
app/views/ideas/show.html.erb:17:in `_app_views_ideas_show_html_erb__2195679737672657748_69809928837240'
Started GET "/ideas" for 127.0.0.1 at 2018-05-05 13:06:27 +0300
Processing by IdeasController#index as HTML
  Rendering ideas/index.html.erb within layouts/application
  [1m[36mIdea Load (0.5ms)[0m  [1m[34mSELECT "ideas".* FROM "ideas"[0m
  ↳ app/views/ideas/index.html.erb:16
  Rendered ideas/index.html.erb within layouts/application (5.9ms)
Completed 200 OK in 84ms (Views: 81.0ms | ActiveRecord: 0.5ms)


Started GET "/ideas/1" for 127.0.0.1 at 2018-05-05 13:06:30 +0300
Processing by IdeasController#show as HTML
  Parameters: {"id"=>"1"}
  [1m[36mIdea Load (0.5ms)[0m  [1m[34mSELECT  "ideas".* FROM "ideas" WHERE "ideas"."id" = ? LIMIT ?[0m  [["id", 1], ["LIMIT", 1]]
  ↳ app/controllers/ideas_controller.rb:67
  Rendering ideas/show.html.erb within layouts/application
  Rendered ideas/show.html.erb within layouts/application (9.8ms)
Completed 500 Internal Server Error in 20ms (ActiveRecord: 0.5ms)


  
ActionView::Template::Error (undefined method `each' for nil:NilClass):
    14:   <strong>Picture:</strong>
    15:   <%= image_tag(@idea.picture_url, width: 1000) if @idea.picture.present? %>
    16:   <h3>Comments</h3>
    17: <% @comments.each do |comment| %>
    18:   <div>
    19:     <strong><%= comment.user_name %></strong>
    20:     <br>
  
app/views/ideas/show.html.erb:17:in `_app_views_ideas_show_html_erb__2195679737672657748_69809962438600'
Started GET "/ideas" for 127.0.0.1 at 2018-05-05 13:06:32 +0300
Processing by IdeasController#index as HTML
  Rendering ideas/index.html.erb within layouts/application
  [1m[36mIdea Load (0.4ms)[0m  [1m[34mSELECT "ideas".* FROM "ideas"[0m
  ↳ app/views/ideas/index.html.erb:16
  Rendered ideas/index.html.erb within layouts/application (4.8ms)
Completed 200 OK in 55ms (Views: 51.7ms | ActiveRecord: 0.4ms)


Started GET "/ideas/1/edit" for 127.0.0.1 at 2018-05-05 13:06:53 +0300
Processing by IdeasController#edit as HTML
  Parameters: {"id"=>"1"}
  [1m[36mIdea Load (0.6ms)[0m  [1m[34mSELECT  "ideas".* FROM "ideas" WHERE "ideas"."id" = ? LIMIT ?[0m  [["id", 1], ["LIMIT", 1]]
  ↳ app/controllers/ideas_controller.rb:67
  Rendering ideas/edit.html.erb within layouts/application
  Rendered ideas/_form.html.erb (51.4ms)
  Rendered ideas/edit.html.erb within layouts/application (54.6ms)
Completed 200 OK in 121ms (Views: 116.4ms | ActiveRecord: 0.6ms)


Started GET "/ideas" for 127.0.0.1 at 2018-05-05 13:08:17 +0300
Processing by IdeasController#index as HTML
  Rendering ideas/index.html.erb within layouts/application
  [1m[36mIdea Load (0.4ms)[0m  [1m[34mSELECT "ideas".* FROM "ideas"[0m
  ↳ app/views/ideas/index.html.erb:16
  Rendered ideas/index.html.erb within layouts/application (5.1ms)
Completed 200 OK in 57ms (Views: 53.9ms | ActiveRecord: 0.4ms)


Started GET "/ideas/1" for 127.0.0.1 at 2018-05-05 13:08:19 +0300
Processing by IdeasController#show as HTML
  Parameters: {"id"=>"1"}
  [1m[36mIdea Load (0.3ms)[0m  [1m[34mSELECT  "ideas".* FROM "ideas" WHERE "ideas"."id" = ? LIMIT ?[0m  [["id", 1], ["LIMIT", 1]]
  ↳ app/controllers/ideas_controller.rb:67
  Rendering ideas/show.html.erb within layouts/application
  Rendered ideas/show.html.erb within layouts/application (8.0ms)
Completed 500 Internal Server Error in 16ms (ActiveRecord: 0.3ms)


  
ActionView::Template::Error (undefined method `each' for nil:NilClass):
    14:   <strong>Picture:</strong>
    15:   <%= image_tag(@idea.picture_url, width: 1000) if @idea.picture.present? %>
    16:   <h3>Comments</h3>
    17: <% @comments.each do |comment| %>
    18:   <div>
    19:     <strong><%= comment.user_name %></strong>
    20:     <br>
  
app/views/ideas/show.html.erb:17:in `_app_views_ideas_show_html_erb__2195679737672657748_69810116754740'
Started GET "/ideas" for 127.0.0.1 at 2018-05-05 13:08:22 +0300
Processing by IdeasController#index as HTML
  Rendering ideas/index.html.erb within layouts/application
  [1m[36mIdea Load (0.4ms)[0m  [1m[34mSELECT "ideas".* FROM "ideas"[0m
  ↳ app/views/ideas/index.html.erb:16
  Rendered ideas/index.html.erb within layouts/application (5.5ms)
Completed 200 OK in 63ms (Views: 59.8ms | ActiveRecord: 0.4ms)


Started GET "/ideas/1" for 127.0.0.1 at 2018-05-05 13:08:24 +0300
Processing by IdeasController#show as HTML
  Parameters: {"id"=>"1"}
  [1m[36mIdea Load (0.5ms)[0m  [1m[34mSELECT  "ideas".* FROM "ideas" WHERE "ideas"."id" = ? LIMIT ?[0m  [["id", 1], ["LIMIT", 1]]
  ↳ app/controllers/ideas_controller.rb:67
  Rendering ideas/show.html.erb within layouts/application
  Rendered ideas/show.html.erb within layouts/application (7.1ms)
Completed 500 Internal Server Error in 16ms (ActiveRecord: 0.5ms)


  
ActionView::Template::Error (undefined method `each' for nil:NilClass):
    14:   <strong>Picture:</strong>
    15:   <%= image_tag(@idea.picture_url, width: 1000) if @idea.picture.present? %>
    16:   <h3>Comments</h3>
    17: <% @comments.each do |comment| %>
    18:   <div>
    19:     <strong><%= comment.user_name %></strong>
    20:     <br>
  
app/views/ideas/show.html.erb:17:in `_app_views_ideas_show_html_erb__2195679737672657748_69810116644720'
Started GET "/ideas" for 127.0.0.1 at 2018-05-05 13:09:18 +0300
Processing by IdeasController#index as HTML
  Rendering ideas/index.html.erb within layouts/application
  [1m[36mIdea Load (0.4ms)[0m  [1m[34mSELECT "ideas".* FROM "ideas"[0m
  ↳ app/views/ideas/index.html.erb:16
  Rendered ideas/index.html.erb within layouts/application (5.0ms)
Completed 200 OK in 54ms (Views: 51.2ms | ActiveRecord: 0.4ms)


Started GET "/ideas/1" for 127.0.0.1 at 2018-05-05 13:09:19 +0300
Processing by IdeasController#show as HTML
  Parameters: {"id"=>"1"}
  [1m[36mIdea Load (0.4ms)[0m  [1m[34mSELECT  "ideas".* FROM "ideas" WHERE "ideas"."id" = ? LIMIT ?[0m  [["id", 1], ["LIMIT", 1]]
  ↳ app/controllers/ideas_controller.rb:67
  Rendering ideas/show.html.erb within layouts/application
  Rendered ideas/show.html.erb within layouts/application (6.6ms)
Completed 500 Internal Server Error in 14ms (ActiveRecord: 0.4ms)


  
ActionView::Template::Error (undefined method `each' for nil:NilClass):
    14:   <strong>Picture:</strong>
    15:   <%= image_tag(@idea.picture_url, width: 1000) if @idea.picture.present? %>
    16:   <h3>Comments</h3>
    17: <% @comments.each do |comment| %>
    18:   <div>
    19:     <strong><%= comment.user_name %></strong>
    20:     <br>
  
app/views/ideas/show.html.erb:17:in `_app_views_ideas_show_html_erb__2195679737672657748_69810115736780'
Started GET "/ideas" for 127.0.0.1 at 2018-05-05 13:09:41 +0300
Processing by IdeasController#index as HTML
  Rendering ideas/index.html.erb within layouts/application
  [1m[36mIdea Load (0.5ms)[0m  [1m[34mSELECT "ideas".* FROM "ideas"[0m
  ↳ app/views/ideas/index.html.erb:16
  Rendered ideas/index.html.erb within layouts/application (5.4ms)
Completed 200 OK in 65ms (Views: 62.9ms | ActiveRecord: 0.5ms)


Started GET "/ideas/1" for 127.0.0.1 at 2018-05-05 13:09:43 +0300
Processing by IdeasController#show as HTML
  Parameters: {"id"=>"1"}
  [1m[36mIdea Load (0.3ms)[0m  [1m[34mSELECT  "ideas".* FROM "ideas" WHERE "ideas"."id" = ? LIMIT ?[0m  [["id", 1], ["LIMIT", 1]]
  ↳ app/controllers/ideas_controller.rb:67
  Rendering ideas/show.html.erb within layouts/application
  Rendered ideas/show.html.erb within layouts/application (7.1ms)
Completed 500 Internal Server Error in 14ms (ActiveRecord: 0.3ms)


  
ActionView::Template::Error (undefined method `each' for nil:NilClass):
    14:   <strong>Picture:</strong>
    15:   <%= image_tag(@idea.picture_url, width: 1000) if @idea.picture.present? %>
    16:   <h3>Comments</h3>
    17: <% @comments.each do |comment| %>
    18:   <div>
    19:     <strong><%= comment.user_name %></strong>
    20:     <br>
  
app/views/ideas/show.html.erb:17:in `_app_views_ideas_show_html_erb__2195679737672657748_69810115435080'
Started GET "/ideas" for 127.0.0.1 at 2018-05-05 13:09:45 +0300
Processing by IdeasController#index as HTML
  Rendering ideas/index.html.erb within layouts/application
  [1m[36mIdea Load (0.5ms)[0m  [1m[34mSELECT "ideas".* FROM "ideas"[0m
  ↳ app/views/ideas/index.html.erb:16
  Rendered ideas/index.html.erb within layouts/application (5.2ms)
Completed 200 OK in 66ms (Views: 62.9ms | ActiveRecord: 0.5ms)


